2022-05-12 05:35:38 INFO  [main]: Read config: successfully
2022-05-12 05:35:39 INFO  [pool-1-thread-1]: Connecting to the master server.
2022-05-12 05:37:02 INFO  [main]: Read config: successfully
2022-05-12 05:37:03 INFO  [pool-1-thread-1]: Connecting to the master server.
2022-05-12 06:03:20 INFO  [main]: Read config: successfully
2022-05-12 06:03:20 INFO  [pool-1-thread-1]: Connecting to the master server.
2022-05-12 09:05:51 INFO  [main]: Read config: successfully
2022-05-12 09:05:52 INFO  [pool-1-thread-1]: Connecting to the master server.
2022-05-12 09:06:11 ERROR [pool-1-thread-1]: Error running client: java.util.concurrent.ExecutionException: UaException: status=Bad_Timeout, message=requestId=4 timed out after 5000ms
2022-05-12 09:06:30 INFO  [main]: Read config: successfully
2022-05-12 09:06:30 INFO  [pool-1-thread-1]: Connecting to the master server.
2022-05-12 09:06:48 ERROR [pool-1-thread-1]: Error running client: java.lang.NullPointerException: Cannot invoke "java.sql.Statement.executeQuery(String)" because "statement" is null
2022-05-12 09:07:40 INFO  [main]: Read config: successfully
2022-05-12 09:07:41 INFO  [pool-1-thread-1]: Connecting to the master server.
2022-05-12 09:11:57 INFO  [main]: Read config: successfully
2022-05-12 09:11:58 INFO  [pool-1-thread-1]: Connecting to the master server.
2022-05-12 09:13:02 INFO  [main]: Read config: successfully
2022-05-12 09:13:03 INFO  [pool-1-thread-1]: Connecting to the master server.
2022-05-12 09:14:19 ERROR [pool-1-thread-1]: Error running client: java.lang.NullPointerException: Cannot invoke "String.trim()" because "in" is null
2022-05-12 09:14:22 INFO  [main]: Read config: successfully
2022-05-12 09:14:22 INFO  [pool-1-thread-1]: Connecting to the master server.
2022-05-12 09:14:25 ERROR [pool-1-thread-1]: Error running client: java.lang.NullPointerException: Cannot invoke "String.trim()" because "in" is null
2022-05-12 09:36:28 INFO  [main]: Read config: successfully
2022-05-12 09:36:29 INFO  [pool-1-thread-1]: Connecting to the master server.
2022-05-12 09:38:02 ERROR [pool-1-thread-1]: Error running client: java.lang.NullPointerException: Cannot invoke "String.trim()" because "in" is null
2022-05-12 09:38:07 INFO  [main]: Read config: successfully
2022-05-12 09:38:07 INFO  [pool-1-thread-1]: Connecting to the master server.
2022-05-12 09:38:24 ERROR [pool-1-thread-1]: Error running client: java.lang.NullPointerException: Cannot invoke "java.sql.Statement.executeQuery(String)" because "statement" is null
2022-05-12 09:39:17 INFO  [main]: Read config: successfully
2022-05-12 09:39:18 INFO  [pool-1-thread-1]: Connecting to the master server.
2022-05-12 09:39:32 ERROR [pool-1-thread-1]: Error running client: java.lang.NullPointerException: Cannot invoke "String.trim()" because "in" is null
2022-05-12 09:42:28 INFO  [main]: Read config: successfully
2022-05-12 09:42:29 INFO  [pool-1-thread-1]: Connecting to the master server.
2022-05-12 09:42:31 ERROR [pool-1-thread-1]: Error running client: java.lang.NullPointerException: Cannot invoke "String.trim()" because "in" is null
2022-05-12 09:50:16 INFO  [main]: Read config: successfully
2022-05-12 09:50:16 INFO  [pool-1-thread-1]: Connecting to the master server.
2022-05-12 09:52:37 INFO  [main]: Read config: successfully
2022-05-12 09:52:38 INFO  [pool-1-thread-1]: Connecting to the master server.
2022-05-12 09:52:57 ERROR [pool-1-thread-1]: Error running client: java.util.concurrent.ExecutionException: UaException: status=Bad_Timeout, message=requestId=4 timed out after 5000ms
2022-05-12 09:53:11 INFO  [main]: Read config: successfully
2022-05-12 09:53:11 INFO  [pool-1-thread-1]: Connecting to the master server.
2022-05-12 09:53:31 ERROR [pool-1-thread-1]: Error running client: java.lang.NullPointerException: Cannot invoke "java.sql.Statement.executeQuery(String)" because "statement" is null
2022-05-12 09:54:51 INFO  [main]: Read config: successfully
2022-05-12 09:54:51 INFO  [pool-1-thread-1]: Connecting to the master server.
2022-05-12 10:14:56 INFO  [main]: Read config: successfully
2022-05-12 10:14:57 INFO  [pool-1-thread-1]: Connecting to the master server.
2022-05-12 10:18:43 INFO  [main]: Read config: successfully
2022-05-12 10:18:44 INFO  [pool-1-thread-1]: Connecting to the master server.
2022-05-12 10:19:03 ERROR [pool-1-thread-1]: Error running client: java.util.concurrent.ExecutionException: UaException: status=Bad_Timeout, message=requestId=4 timed out after 5000ms
2022-05-12 10:19:43 INFO  [main]: Read config: successfully
2022-05-12 10:19:44 INFO  [pool-1-thread-1]: Connecting to the master server.
2022-05-12 10:20:03 ERROR [pool-1-thread-1]: Error running client: java.util.concurrent.ExecutionException: UaException: status=Bad_Timeout, message=requestId=4 timed out after 5000ms
2022-05-12 10:23:08 INFO  [main]: Read config: successfully
2022-05-12 10:23:09 INFO  [pool-1-thread-1]: Connecting to the master server.
2022-05-12 10:23:23 ERROR [pool-1-thread-1]: Error running client: java.lang.NullPointerException: Cannot invoke "String.trim()" because "in" is null
2022-05-12 10:25:00 INFO  [main]: Read config: successfully
2022-05-12 10:25:01 INFO  [pool-1-thread-1]: Connecting to the master server.
2022-05-12 10:25:15 ERROR [pool-1-thread-1]: Error running client: java.lang.NumberFormatException: For input string: "null"
2022-05-12 10:26:56 INFO  [main]: Read config: successfully
2022-05-12 10:26:57 INFO  [pool-1-thread-1]: Connecting to the master server.
2022-05-12 10:26:59 ERROR [pool-1-thread-1]: Error running client: java.lang.NumberFormatException: For input string: "null"
2022-05-12 10:29:52 INFO  [main]: Read config: successfully
2022-05-12 10:29:53 INFO  [pool-1-thread-1]: Connecting to the master server.
2022-05-12 10:35:20 ERROR [pool-1-thread-1]: Error running client: java.util.concurrent.ExecutionException: UaException: status=Bad_Timeout, message=requestId=124 timed out after 5000ms
2022-05-12 11:53:49 INFO  [main]: Read config: successfully
2022-05-12 11:53:50 INFO  [pool-1-thread-1]: Connecting to the master server.
